[debug] [2019-06-21T14:37:06.840Z] ----------------------------------------------------------------------
[debug] [2019-06-21T14:37:06.843Z] Command:       C:\Program Files\nodejs\node.exe C:\Users\Hp\AppData\Roaming\npm\node_modules\firebase-tools\lib\bin\firebase.js deploy
[debug] [2019-06-21T14:37:06.843Z] CLI Version:   7.0.1
[debug] [2019-06-21T14:37:06.843Z] Platform:      win32
[debug] [2019-06-21T14:37:06.843Z] Node Version:  v10.16.0
[debug] [2019-06-21T14:37:06.844Z] Time:          Fri Jun 21 2019 20:07:06 GMT+0530 (India Standard Time)
[debug] [2019-06-21T14:37:06.844Z] ----------------------------------------------------------------------
[debug] 
[debug] [2019-06-21T14:37:06.861Z] > command requires scopes: ["email","openid","https://www.googleapis.com/auth/cloudplatformprojects.readonly","https://www.googleapis.com/auth/firebase","https://www.googleapis.com/auth/cloud-platform"]
[debug] [2019-06-21T14:37:06.862Z] > authorizing via signed-in user
[debug] [2019-06-21T14:37:06.862Z] [iam] checking project street-maps-90372 for permissions ["cloudfunctions.functions.create","cloudfunctions.functions.delete","cloudfunctions.functions.get","cloudfunctions.functions.list","cloudfunctions.functions.update","cloudfunctions.operations.get","datastore.indexes.create","datastore.indexes.delete","datastore.indexes.list","datastore.indexes.update","firebase.projects.get","firebasehosting.sites.update","firebaserules.releases.create","firebaserules.releases.update","firebaserules.rulesets.create"]
[debug] [2019-06-21T14:37:06.865Z] >>> HTTP REQUEST POST https://cloudresourcemanager.googleapis.com/v1/projects/street-maps-90372:testIamPermissions  

[debug] [2019-06-21T14:37:09.494Z] <<< HTTP RESPONSE 200
[debug] [2019-06-21T14:37:09.502Z] >>> HTTP REQUEST GET https://firebase.googleapis.com/v1beta1/projects/street-maps-90372  
 
[debug] [2019-06-21T14:37:09.940Z] <<< HTTP RESPONSE 200
[info] 
[info] === Deploying to 'street-maps-90372'...
[info] 
[info] i  deploying storage, firestore, functions, hosting
[info] Running command: npm --prefix "$RESOURCE_DIR" run lint
[info] +  functions: Finished running predeploy script.
[debug] [2019-06-21T14:37:22.370Z] >>> HTTP REQUEST GET https://appengine.googleapis.com/v1/apps/street-maps-90372  
 
[debug] [2019-06-21T14:37:25.428Z] <<< HTTP RESPONSE 200
[info] i  storage: checking storage.rules for compilation errors...
[debug] [2019-06-21T14:37:25.450Z] >>> HTTP REQUEST POST https://firebaserules.googleapis.com/v1/projects/street-maps-90372:test  

[debug] [2019-06-21T14:37:27.018Z] <<< HTTP RESPONSE 200
[info] +  storage: rules file storage.rules compiled successfully
[info] i  firestore: checking firestore.rules for compilation errors...
[info] i  firestore: reading indexes from firestore.indexes.json...
[debug] [2019-06-21T14:37:27.049Z] >>> HTTP REQUEST POST https://firebaserules.googleapis.com/v1/projects/street-maps-90372:test  

[debug] [2019-06-21T14:37:48.255Z] Error: connect ETIMEDOUT 172.217.163.170:443
    at TCPConnectWrap.afterConnect [as oncomplete] (net.js:1106:14)
[error] 
[error] Error: Server Error. connect ETIMEDOUT 172.217.163.170:443
[debug] [2019-06-21T14:38:03.493Z] ----------------------------------------------------------------------
[debug] [2019-06-21T14:38:03.496Z] Command:       C:\Program Files\nodejs\node.exe C:\Users\Hp\AppData\Roaming\npm\node_modules\firebase-tools\lib\bin\firebase.js deploy
[debug] [2019-06-21T14:38:03.496Z] CLI Version:   7.0.1
[debug] [2019-06-21T14:38:03.496Z] Platform:      win32
[debug] [2019-06-21T14:38:03.496Z] Node Version:  v10.16.0
[debug] [2019-06-21T14:38:03.497Z] Time:          Fri Jun 21 2019 20:08:03 GMT+0530 (India Standard Time)
[debug] [2019-06-21T14:38:03.497Z] ----------------------------------------------------------------------
[debug] 
[debug] [2019-06-21T14:38:03.512Z] > command requires scopes: ["email","openid","https://www.googleapis.com/auth/cloudplatformprojects.readonly","https://www.googleapis.com/auth/firebase","https://www.googleapis.com/auth/cloud-platform"]
[debug] [2019-06-21T14:38:03.513Z] > authorizing via signed-in user
[debug] [2019-06-21T14:38:03.513Z] [iam] checking project street-maps-90372 for permissions ["cloudfunctions.functions.create","cloudfunctions.functions.delete","cloudfunctions.functions.get","cloudfunctions.functions.list","cloudfunctions.functions.update","cloudfunctions.operations.get","datastore.indexes.create","datastore.indexes.delete","datastore.indexes.list","datastore.indexes.update","firebase.projects.get","firebasehosting.sites.update","firebaserules.releases.create","firebaserules.releases.update","firebaserules.rulesets.create"]
[debug] [2019-06-21T14:38:03.517Z] >>> HTTP REQUEST POST https://cloudresourcemanager.googleapis.com/v1/projects/street-maps-90372:testIamPermissions  

[debug] [2019-06-21T14:38:05.069Z] <<< HTTP RESPONSE 200
[debug] [2019-06-21T14:38:05.076Z] >>> HTTP REQUEST GET https://firebase.googleapis.com/v1beta1/projects/street-maps-90372  
 
[debug] [2019-06-21T14:38:08.496Z] <<< HTTP RESPONSE 200
[info] 
[info] === Deploying to 'street-maps-90372'...
[info] 
[info] i  deploying storage, firestore, functions, hosting
[info] Running command: npm --prefix "$RESOURCE_DIR" run lint
[info] +  functions: Finished running predeploy script.
[debug] [2019-06-21T14:38:16.244Z] >>> HTTP REQUEST GET https://appengine.googleapis.com/v1/apps/street-maps-90372  
 
[info] 

There was an issue deploying your functions. Verify that your project has a Google App Engine instance setup at https://console.cloud.google.com/appengine and try again. If this issue persists, please contact support.
[debug] [2019-06-21T14:38:37.468Z] Error: connect ETIMEDOUT 216.58.197.74:443
    at TCPConnectWrap.afterConnect [as oncomplete] (net.js:1106:14)
[error] 
[error] Error: Server Error. connect ETIMEDOUT 216.58.197.74:443
